<?xml version="1.0" encoding="UTF-8"?>
<testng-results skipped="0" failed="0" ignored="2" total="4" passed="2">
  <reporter-output>
  </reporter-output>
  <suite name="All Test Suite" duration-ms="138852" started-at="2022-06-16T10:17:42 GMT" finished-at="2022-06-16T10:20:01 GMT">
    <groups>
    </groups>
    <test name="Login" duration-ms="138852" started-at="2022-06-16T10:17:42 GMT" finished-at="2022-06-16T10:20:01 GMT">
      <class name="tests.NavigateTest">
        <test-method status="PASS" signature="setupDriver(org.testng.ITestContext)[pri:0, instance:tests.NavigateTest@5b275dab]" name="setupDriver" is-config="true" duration-ms="71939" started-at="2022-06-16T10:17:42 GMT" finished-at="2022-06-16T10:18:54 GMT">
          <params>
            <param index="0">
              <value>
                <![CDATA[org.testng.TestRunner@5bd82fed]]>
              </value>
            </param>
          </params>
          <reporter-output>
          </reporter-output>
        </test-method> <!-- setupDriver -->
        <test-method status="PASS" signature="navigate()[pri:0, instance:tests.NavigateTest@5b275dab]" name="navigate" duration-ms="24523" started-at="2022-06-16T10:18:55 GMT" finished-at="2022-06-16T10:19:19 GMT">
          <reporter-output>
          </reporter-output>
        </test-method> <!-- navigate -->
        <test-method status="PASS" signature="quitDriver()[pri:0, instance:tests.NavigateTest@5b275dab]" name="quitDriver" is-config="true" duration-ms="7018" started-at="2022-06-16T10:19:54 GMT" finished-at="2022-06-16T10:20:01 GMT">
          <reporter-output>
          </reporter-output>
        </test-method> <!-- quitDriver -->
      </class> <!-- tests.NavigateTest -->
      <class name="tests.LoginPageTest">
        <test-method status="PASS" signature="login()[pri:0, instance:tests.LoginPageTest@61832929]" name="login" duration-ms="32572" started-at="2022-06-16T10:19:22 GMT" finished-at="2022-06-16T10:19:54 GMT">
          <reporter-output>
          </reporter-output>
        </test-method> <!-- login -->
      </class> <!-- tests.LoginPageTest -->
    </test> <!-- Login -->
  </suite> <!-- All Test Suite -->
</testng-results>
