<?xml version="1.0" encoding="UTF-8"?>
<testng-results skipped="0" failed="0" ignored="0" total="1" passed="1">
  <reporter-output>
  </reporter-output>
  <suite name="All Test Suite" duration-ms="89379" started-at="2022-06-22T19:32:48 GMT" finished-at="2022-06-22T19:34:18 GMT">
    <groups>
    </groups>
    <test name="Navigate" duration-ms="89379" started-at="2022-06-22T19:32:48 GMT" finished-at="2022-06-22T19:34:18 GMT">
      <class name="tests.NavigateTest">
        <test-method status="PASS" signature="setupDriver(org.testng.ITestContext)[pri:0, instance:tests.NavigateTest@28d25987]" name="setupDriver" is-config="true" duration-ms="78557" started-at="2022-06-22T19:32:48 GMT" finished-at="2022-06-22T19:34:07 GMT">
          <params>
            <param index="0">
              <value>
                <![CDATA[org.testng.TestRunner@c055c54]]>
              </value>
            </param>
          </params>
          <reporter-output>
          </reporter-output>
        </test-method> <!-- setupDriver -->
        <test-method status="PASS" signature="navigate()[pri:0, instance:tests.NavigateTest@28d25987]" name="navigate" duration-ms="5299" started-at="2022-06-22T19:34:08 GMT" finished-at="2022-06-22T19:34:13 GMT">
          <reporter-output>
          </reporter-output>
        </test-method> <!-- navigate -->
        <test-method status="PASS" signature="quitDriver()[pri:0, instance:tests.NavigateTest@28d25987]" name="quitDriver" is-config="true" duration-ms="4920" started-at="2022-06-22T19:34:13 GMT" finished-at="2022-06-22T19:34:18 GMT">
          <reporter-output>
          </reporter-output>
        </test-method> <!-- quitDriver -->
      </class> <!-- tests.NavigateTest -->
    </test> <!-- Navigate -->
  </suite> <!-- All Test Suite -->
</testng-results>
